{
  "RSpec": {
    "coverage": {
      "/Users/Penney/Documents/Turing/3_module/projects/momentogram/app/helpers/application_helper.rb": [
        1,
        null
      ],
      "/Users/Penney/Documents/Turing/3_module/projects/momentogram/app/models/media.rb": [
        1,
        1,
        1,
        null,
        1,
        37,
        37,
        37,
        37,
        37,
        37,
        null,
        null,
        null
      ],
      "/Users/Penney/Documents/Turing/3_module/projects/momentogram/app/models/user.rb": [
        1,
        null,
        1,
        6,
        null,
        6,
        6,
        6,
        6,
        6,
        6,
        6,
        null,
        6,
        6,
        null,
        null,
        null
      ],
      "/Users/Penney/Documents/Turing/3_module/projects/momentogram/app/controllers/home_controller.rb": [
        1,
        1,
        null,
        null,
        1,
        null,
        null
      ],
      "/Users/Penney/Documents/Turing/3_module/projects/momentogram/app/controllers/application_controller.rb": [
        1,
        null,
        null,
        1,
        null,
        1,
        null,
        1,
        24,
        null,
        null
      ],
      "/Users/Penney/Documents/Turing/3_module/projects/momentogram/app/controllers/sessions_controller.rb": [
        1,
        1,
        3,
        3,
        3,
        3,
        null,
        0,
        null,
        null,
        null,
        1,
        1,
        1,
        null,
        null
      ],
      "/Users/Penney/Documents/Turing/3_module/projects/momentogram/app/controllers/dashboard_controller.rb": [
        1,
        null,
        1,
        3,
        null,
        null,
        null
      ],
      "/Users/Penney/Documents/Turing/3_module/projects/momentogram/app/services/instagram_service.rb": [
        1,
        1,
        null,
        1,
        8,
        8,
        8,
        null,
        null,
        null,
        1,
        4,
        null,
        null,
        1,
        0,
        null,
        null,
        1,
        0,
        null,
        null,
        1,
        0,
        null,
        null,
        1,
        4,
        4,
        36,
        null,
        null,
        null,
        36,
        36,
        null,
        null,
        null,
        1,
        36,
        36,
        28,
        null,
        36,
        null,
        null,
        1,
        36,
        28,
        null,
        36,
        null,
        null,
        1,
        36,
        4,
        null,
        36,
        null,
        null,
        1,
        null,
        1,
        44,
        null,
        null
      ],
      "/Users/Penney/Documents/Turing/3_module/projects/momentogram/app/controllers/photos_controller.rb": [
        1,
        null,
        1,
        2,
        null,
        null,
        1,
        1,
        null,
        10,
        2,
        null,
        10,
        2,
        null,
        null,
        null
      ]
    },
    "timestamp": 1455902084
  }
}
