{
  "RSpec": {
    "coverage": {
      "/Users/Penney/Documents/Turing/3_module/projects/momentogram/app/helpers/application_helper.rb": [
        1,
        null
      ],
      "/Users/Penney/Documents/Turing/3_module/projects/momentogram/app/models/media.rb": [
        1,
        1,
        1,
        null,
        1,
        37,
        37,
        37,
        37,
        37,
        37,
        null,
        null,
        null
      ],
      "/Users/Penney/Documents/Turing/3_module/projects/momentogram/app/models/user.rb": [
        1,
        null,
        1,
        10,
        null,
        10,
        10,
        10,
        10,
        10,
        10,
        10,
        null,
        10,
        10,
        null,
        null,
        null
      ],
      "/Users/Penney/Documents/Turing/3_module/projects/momentogram/app/controllers/home_controller.rb": [
        1,
        1,
        null,
        null,
        1,
        null,
        null
      ],
      "/Users/Penney/Documents/Turing/3_module/projects/momentogram/app/controllers/application_controller.rb": [
        1,
        null,
        null,
        1,
        null,
        1,
        null,
        1,
        43,
        null,
        null
      ],
      "/Users/Penney/Documents/Turing/3_module/projects/momentogram/app/controllers/sessions_controller.rb": [
        1,
        1,
        5,
        5,
        5,
        5,
        null,
        0,
        null,
        null,
        null,
        1,
        1,
        1,
        null,
        null
      ],
      "/Users/Penney/Documents/Turing/3_module/projects/momentogram/app/controllers/dashboard_controller.rb": [
        1,
        null,
        1,
        5,
        null,
        null,
        null
      ],
      "/Users/Penney/Documents/Turing/3_module/projects/momentogram/app/services/instagram_service.rb": [
        1,
        1,
        null,
        1,
        13,
        13,
        13,
        null,
        null,
        null,
        1,
        6,
        null,
        null,
        1,
        2,
        null,
        null,
        1,
        1,
        null,
        null,
        1,
        4,
        null,
        null,
        1,
        null,
        4,
        4,
        36,
        null,
        null,
        null,
        36,
        36,
        null,
        null,
        null,
        1,
        36,
        36,
        28,
        null,
        36,
        null,
        null,
        1,
        36,
        28,
        null,
        36,
        null,
        null,
        1,
        36,
        4,
        null,
        36,
        null,
        null,
        1,
        null,
        1,
        53,
        null,
        null
      ],
      "/Users/Penney/Documents/Turing/3_module/projects/momentogram/app/controllers/photos_controller.rb": [
        1,
        null,
        1,
        2,
        null,
        null,
        1,
        1,
        null,
        10,
        2,
        null,
        10,
        2,
        null,
        null,
        null
      ],
      "/Users/Penney/Documents/Turing/3_module/projects/momentogram/app/controllers/feed_controller.rb": [
        1,
        null,
        1,
        1,
        null,
        null,
        null
      ],
      "/Users/Penney/Documents/Turing/3_module/projects/momentogram/app/models/feed.rb": [
        1,
        null,
        1,
        1,
        5,
        1,
        50,
        null,
        47,
        null,
        null,
        1,
        null,
        1,
        46,
        null,
        null
      ],
      "/Users/Penney/Documents/Turing/3_module/projects/momentogram/app/controllers/follows_controller.rb": [
        1,
        null,
        1,
        1,
        1,
        null,
        null,
        null
      ]
    },
    "timestamp": 1455919194
  }
}
